0 info it worked if it ends with ok
1 verbose cli [ 'C:\\Program Files (x86)\\nodejs\\\\node.exe',
1 verbose cli   'C:\\Program Files (x86)\\nodejs\\node_modules\\npm\\bin\\npm-cli.js',
1 verbose cli   'run',
1 verbose cli   'test_escape' ]
2 info using npm@1.4.28
3 info using node@v0.10.38
4 verbose node symlink C:\Program Files (x86)\nodejs\\node.exe
5 verbose run-script [ 'pretest_escape', 'test_escape', 'posttest_escape' ]
6 info pretest_escape nodeModuleDemo@1.0.0
7 info test_escape nodeModuleDemo@1.0.0
8 verbose unsafe-perm in lifecycle true
9 info nodeModuleDemo@1.0.0 Failed to exec test_escape script
10 error nodeModuleDemo@1.0.0 test_escape: `mocha test/mocha.js`
10 error Exit status 4
11 error Failed at the nodeModuleDemo@1.0.0 test_escape script.
11 error This is most likely a problem with the nodeModuleDemo package,
11 error not with npm itself.
11 error Tell the author that this fails on your system:
11 error     mocha test/mocha.js
11 error You can get their info via:
11 error     npm owner ls nodeModuleDemo
11 error There is likely additional logging output above.
12 error System Windows_NT 6.2.9200
13 error command "C:\\Program Files (x86)\\nodejs\\\\node.exe" "C:\\Program Files (x86)\\nodejs\\node_modules\\npm\\bin\\npm-cli.js" "run" "test_escape"
14 error cwd C:\Users\nick\Documents\Projects\nodeModuleDemo
15 error node -v v0.10.38
16 error npm -v 1.4.28
17 error code ELIFECYCLE
18 verbose exit [ 1, true ]
